<?xml version="1.0" encoding="UTF-8"?>
<!-- Generated by org.testng.reporters.JUnitReportReporter -->
<testsuite hostname="DESKTOP-UIOK9AL" failures="0" tests="1" name="Framework.Automation.validateNavBar" time="0.127" errors="0" timestamp="2021-11-12T22:11:36 IST" skipped="0">
  <testcase classname="Framework.Automation.validateNavBar" name="basePageNavigation" time="0.127"/>
  <system-out/>
</testsuite> <!-- Framework.Automation.validateNavBar -->
